<?xml version="1.0" encoding="UTF-8"?>
<testsuite name="challenge.SubmitTest" tests="6" skipped="0" failures="0" errors="0" timestamp="2020-03-08T22:36:16" hostname="Silk" time="1.479">
  <properties/>
  <testcase name="q1" classname="challenge.SubmitTest" time="0.4"/>
  <testcase name="q2" classname="challenge.SubmitTest" time="0.227"/>
  <testcase name="q3" classname="challenge.SubmitTest" time="0.192"/>
  <testcase name="q4" classname="challenge.SubmitTest" time="0.24"/>
  <testcase name="q5" classname="challenge.SubmitTest" time="0.232"/>
  <testcase name="q6" classname="challenge.SubmitTest" time="0.187"/>
  <system-out><![CDATA[]]></system-out>
  <system-err><![CDATA[]]></system-err>
</testsuite>
